<?xml version="1.0" encoding="UTF-8"?>
<testsuite xmlns:xsi="http://www.w3.org/2001/XMLSchema-instance" xsi:noNamespaceSchemaLocation="https://maven.apache.org/surefire/maven-failsafe-plugin/xsd/failsafe-test-report-3.0.xsd" version="3.0" name="com.majesco.test.dm.runners.TradeRunner" time="22.815" tests="1" errors="0" skipped="0" failures="0">
  <properties>
[...]
</properties>
  <testcase name="Validate admin login and logout from application" classname="Manage login and logout session for admin" time="22.344">
    <system-out><![CDATA[18:47:13.030 [main] WARN net.thucydides.model.util.ConfigCache - Failed to read the serenity.conf file: C:\Trade-Ganit\src\test\resources\serenity.conf: 88: Could not resolve substitution to a value: ${environments} - Falling back on serenity.conf without using environment variables
18:47:13.877 [main] DEBUG io.cucumber.core.plugin.SerenityReporter - Running feature from file:///C:/Trade-Ganit/src/test/resources/features/Admin_Login/admin_login.feature
18:47:13.951 [main] INFO  - &amp#27;[96m

-------------------------------------------------------------------------------------
     _______. _______ .______       _______ .__   __.  __  .___________.____    ____ 
    /       ||   ____||   _  \     |   ____||  \ |  | |  | |           |\   \  /   / 
   |   (----`|  |__   |  |_)  |    |  |__   |   \|  | |  | `---|  |----` \   \/   /  
    \   \    |   __|  |      /     |   __|  |  . `  | |  |     |  |       \_    _/   
.----)   |   |  |____ |  |\  \----.|  |____ |  |\   | |  |     |  |         |  |     
|_______/    |_______|| _| `._____||_______||__| \__| |__|     |__|         |__|    
                                                                                     
 News and tutorials at https://serenity-bdd.info                                     
 Documentation at https://serenity-bdd.github.io                                     
 Test Automation Training and Coaching: https://www.serenity-dojo.com                
 Commercial Support: https://www.serenity-dojo.com/serenity-bdd-enterprise-support   
 Join the Serenity Community on Gitter: https://gitter.im/serenity-bdd/serenity-core 
-------------------------------------------------------------------------------------
&amp#27;[0m
18:47:13.960 [main] DEBUG net.thucydides.core.steps.StepEventBus - Test suite started for story net.thucydides.model.domain.Story@71887460
18:47:13.965 [main] INFO  - Test Suite Started: Manage login and logout session for admin
18:47:14.032 [main] DEBUG io.cucumber.core.plugin.SerenityReporter - Running feature from file:///C:/Trade-Ganit/src/test/resources/features/Admin_Login/admin_login.feature
18:47:14.035 [main] DEBUG net.thucydides.core.steps.StepEventBus - Test suite started for story net.thucydides.model.domain.Story@71887460
18:47:14.035 [main] INFO  - Test Suite Started: Manage login and logout session for admin

@SmokeTest
Scenario: Validate admin login and logout from application                    &amp#27;[90m# src/test/resources/features/Admin_Login/admin_login.feature:4&amp#27;[0m
18:47:14.134 [main] DEBUG io.cucumber.core.plugin.SerenityReporter - Running feature from file:///C:/Trade-Ganit/src/test/resources/features/Admin_Login/admin_login.feature
18:47:14.268 [main] INFO  - 
  _____   ___   ___   _____     ___   _____     _     ___   _____   ___   ___  
 |_   _| | __| / __| |_   _|   / __| |_   _|   /_\   | _ \ |_   _| | __| |   \ 
   | |   | _|  \__ \   | |     \__ \   | |    / _ \  |   /   | |   | _|  | |) |
   |_|   |___| |___/   |_|     |___/   |_|   /_/ \_\ |_|_\   |_|   |___| |___/ 

Validate admin login and logout from application(manage-login-and-logout-session-for-admin;validate-admin-login-and-logout-from-application)
--------------------------------------------------------------------------------
18:47:15.060 [main] DEBUG net.thucydides.core.steps.StepInterceptor - STARTING STEP: StepInterceptor.testContext - !#title
18:47:15.083 [main] DEBUG net.thucydides.core.steps.StepInterceptor - STARTING STEP: StepInterceptor.testContext - {0} opens the #targetPageName
18:47:15.243 [main] INFO net.serenitybdd.core.webdriver.driverproviders.ChromeDriverProvider - Starting Chrome driver instance with capabilities:
18:47:15.246 [main] INFO net.serenitybdd.core.webdriver.driverproviders.ChromeDriverProvider - Capabilities {acceptInsecureCerts: true, browserName: chrome, goog:chromeOptions: {args: [start-maximized, no-sandbox, ignore-certificate-errors, disable-popup-blocking, --incognito, disable-default-apps, disable-extensions-file-acc..., disable-infobars, disable-gpu, start-maximized, no-sandbox, ignore-certificate-errors, disable-popup-blocking, --incognito, disable-default-apps, disable-extensions-file-acc..., disable-infobars, disable-gpu, remote-allow-origins=*], excludeSwitches: [enable-automation, load-extension], extensions: [], prefs: {credentials_enable_service: false, default_content_settings.geolocation: 2, default_content_settings.popups: 0, password_manager_enabled: false}}, timeouts: {implicit: 15000, pageLoad: 300000}}
18:47:28.717 [main] DEBUG net.thucydides.core.steps.StepInterceptor - STEP DONE: {0} opens the #targetPageName
18:47:28.721 [main] DEBUG net.thucydides.core.steps.StepInterceptor - STEP DONE: !#title
18:47:28.831 [main] DEBUG net.serenitybdd.screenplay.targets.IFrameSwitcher - default content already selected for username
18:47:28.942 [main] DEBUG net.thucydides.core.steps.StepInterceptor - STARTING STEP: StepInterceptor.testContext - {0} enters #theTextAsAString into #target
18:47:28.964 [main] DEBUG net.serenitybdd.screenplay.targets.IFrameSwitcher - default content already selected for username
18:47:29.117 [main] DEBUG net.thucydides.core.steps.StepInterceptor - STEP DONE: {0} enters #theTextAsAString into #target
18:47:29.121 [main] DEBUG net.thucydides.core.steps.StepInterceptor - STARTING STEP: StepInterceptor.testContext - {0} enters #theTextAsAString into #target
18:47:29.145 [main] DEBUG net.serenitybdd.screenplay.targets.IFrameSwitcher - default content already selected for password
18:47:29.272 [main] DEBUG net.thucydides.core.steps.StepInterceptor - STEP DONE: {0} enters #theTextAsAString into #target
18:47:29.295 [main] DEBUG net.serenitybdd.screenplay.targets.IFrameSwitcher - default content already selected for submit
18:47:29.342 [main] DEBUG net.thucydides.core.steps.StepInterceptor - STARTING STEP: StepInterceptor.testContext - {0} clicks on #target
18:47:29.358 [main] DEBUG net.serenitybdd.screenplay.targets.IFrameSwitcher - default content already selected for submit
18:47:29.454 [main] DEBUG net.thucydides.core.steps.StepInterceptor - STEP DONE: {0} clicks on #target
18:47:32.714 [main] DEBUG net.serenitybdd.screenplay.targets.IFrameSwitcher - default content already selected for Dashboard Link
  &amp#27;[32mGiven &amp#27;[0m&amp#27;[32m&amp#27;[0m&amp#27;[32m&amp#27;[1mTradeAdmin&amp#27;[0m&amp#27;[32m is on Home page of application and login&amp#27;[0m                   &amp#27;[90m# com.majesco.test.dm.steps.ui.TradeUserSteps.user_is_on_home_page_of_application_and_login(java.lang.String)&amp#27;[0m
18:47:33.769 [main] DEBUG net.thucydides.core.steps.StepInterceptor - STARTING STEP: StepInterceptor.testContext - {0} clicks on #target
18:47:33.784 [main] DEBUG net.serenitybdd.screenplay.targets.IFrameSwitcher - default content already selected for Down Arrow Link
18:47:33.873 [main] DEBUG net.thucydides.core.steps.StepInterceptor - STEP DONE: {0} clicks on #target
18:47:34.874 [main] DEBUG net.thucydides.core.steps.StepInterceptor - STARTING STEP: StepInterceptor.testContext - {0} clicks on #target
18:47:34.890 [main] DEBUG net.serenitybdd.screenplay.targets.IFrameSwitcher - default content already selected for Logout Link
18:47:35.030 [main] DEBUG net.thucydides.core.steps.StepInterceptor - STEP DONE: {0} clicks on #target
  &amp#27;[32mWhen &amp#27;[0m&amp#27;[32m&amp#27;[0m&amp#27;[32m&amp#27;[1mTradeAdmin&amp#27;[0m&amp#27;[32m clicks on logout option&amp#27;[0m                                     &amp#27;[90m# com.majesco.test.dm.steps.ui.TradeUserSteps.clicks_on_logout_option(java.lang.String)&amp#27;[0m
18:47:36.057 [main] DEBUG net.thucydides.core.steps.StepInterceptor - STARTING STEP: StepInterceptor.testContext - {0} should see #description
18:47:36.073 [main] DEBUG net.serenitybdd.screenplay.targets.IFrameSwitcher - default content already selected for Verify Login Label
18:47:36.104 [main] DEBUG net.thucydides.core.steps.StepInterceptor - STEP DONE: {0} should see #description
  &amp#27;[32mThen &amp#27;[0m&amp#27;[32m&amp#27;[0m&amp#27;[32m&amp#27;[1mTradeAdmin&amp#27;[0m&amp#27;[32m should logout from application and navigate to login screen&amp#27;[0m &amp#27;[90m# com.majesco.test.dm.steps.ui.TradeUserSteps.should_logout_from_application_and_navigate_to_login_screen(java.lang.String)&amp#27;[0m
18:47:36.352 [main] INFO  - &amp#27;[92m
  _____   ___   ___   _____     ___     _     ___   ___   ___   ___  
 |_   _| | __| / __| |_   _|   | _ \   /_\   / __| / __| | __| |   \ 
   | |   | _|  \__ \   | |     |  _/  / _ \  \__ \ \__ \ | _|  | |) |
   |_|   |___| |___/   |_|     |_|   /_/ \_\ |___/ |___/ |___| |___/ 

Validate admin login and logout from application
----------------------------------------------------------------------&amp#27;[0m
]]></system-out>
    <system-err><![CDATA[Feb 04, 2024 6:47:16 PM org.openqa.selenium.devtools.CdpVersionFinder findNearestMatch
WARNING: Unable to find an exact match for CDP version 121, returning the closest version; found: 118; Please update to a Selenium version that supports CDP version 121
]]></system-err>
  </testcase>
</testsuite>